::1 - - [23/Mar/2026 01:04:51] "GET / HTTP/1.1" 200 -
::1 - - [23/Mar/2026 01:04:53] "GET / HTTP/1.1" 304 -
::1 - - [23/Mar/2026 01:04:53] "GET /publi/e1.jpg HTTP/1.1" 304 -
::1 - - [23/Mar/2026 01:04:53] "GET /js/api.js HTTP/1.1" 304 -
::1 - - [23/Mar/2026 01:04:53] "GET /js/home.js HTTP/1.1" 304 -
::1 - - [23/Mar/2026 01:05:28] "GET / HTTP/1.1" 200 -
::1 - - [23/Mar/2026 01:07:48] "GET / HTTP/1.1" 200 -
::1 - - [23/Mar/2026 01:07:48] "GET / HTTP/1.1" 304 -
::1 - - [23/Mar/2026 01:07:48] "GET /js/api.js HTTP/1.1" 304 -
::1 - - [23/Mar/2026 01:07:48] "GET /js/home.js HTTP/1.1" 304 -
::1 - - [23/Mar/2026 01:07:58] "GET /pages/inicio.html HTTP/1.1" 200 -
::1 - - [23/Mar/2026 01:07:58] "GET /css/navbar.css HTTP/1.1" 200 -
::1 - - [23/Mar/2026 01:07:58] "GET /css/global.css HTTP/1.1" 200 -
::1 - - [23/Mar/2026 01:07:58] "GET /css/eventos.css HTTP/1.1" 200 -
::1 - - [23/Mar/2026 01:07:58] "GET /js/navbar.js HTTP/1.1" 304 -
::1 - - [23/Mar/2026 01:07:58] "GET /js/eventos.js HTTP/1.1" 304 -
::1 - - [23/Mar/2026 01:08:12] "GET /pages/mis-boletos.html HTTP/1.1" 304 -
::1 - - [23/Mar/2026 01:08:12] "GET /css/global.css HTTP/1.1" 304 -
::1 - - [23/Mar/2026 01:08:12] "GET /css/navbar.css HTTP/1.1" 304 -
::1 - - [23/Mar/2026 01:08:12] "GET /css/boletos.css HTTP/1.1" 200 -
::1 - - [23/Mar/2026 01:08:16] "GET /pages/mis-ordenes.html HTTP/1.1" 200 -
::1 - - [23/Mar/2026 01:08:16] "GET /css/navbar.css HTTP/1.1" 304 -
::1 - - [23/Mar/2026 01:08:16] "GET /css/global.css HTTP/1.1" 304 -
::1 - - [23/Mar/2026 01:08:16] "GET /css/admin.css HTTP/1.1" 200 -
::1 - - [23/Mar/2026 01:08:19] "GET /css/eventos.css HTTP/1.1" 304 -
::1 - - [23/Mar/2026 01:12:27] "GET /pages/inicio.html HTTP/1.1" 304 -
::1 - - [23/Mar/2026 01:12:27] "GET /css/global.css HTTP/1.1" 304 -
::1 - - [23/Mar/2026 01:12:27] "GET /css/navbar.css HTTP/1.1" 304 -
::1 - - [23/Mar/2026 01:12:27] "GET /js/api.js HTTP/1.1" 304 -
::1 - - [23/Mar/2026 01:12:27] "GET /css/eventos.css HTTP/1.1" 304 -
::1 - - [23/Mar/2026 01:12:27] "GET /js/eventos.js HTTP/1.1" 304 -
::1 - - [23/Mar/2026 01:14:50] "GET /css/global.css HTTP/1.1" 304 -
::1 - - [23/Mar/2026 01:14:50] "GET /css/navbar.css HTTP/1.1" 304 -
::1 - - [23/Mar/2026 01:14:50] "GET /css/eventos.css HTTP/1.1" 304 -
9] "GET / HTTP/1.1" 200 -
::1 - - [23/Mar/2026 00:36:12] "GET /pages/inicio.html HTTP/1.1" 304 -
::1 - - [23/Mar/2026 00:36:12] "GET /css/global.css HTTP/1.1" 304 -
::1 - - [23/Mar/2026 00:36:12] "GET /css/navbar.css HTTP/1.1" 304 -
::1 - - [23/Mar/2026 00:36:12] "GET /css/eventos.css HTTP/1.1" 304 -
::1 - - [23/Mar/2026 00:36:12] "GET /js/api.js HTTP/1.1" 304 -
::1 - - [23/Mar/2026 00:36:12] "GET /js/navbar.js HTTP/1.1" 304 -
::1 - - [23/Mar/2026 00:36:12] "GET /js/eventos.js HTTP/1.1" 304 -
::1 - - [23/Mar/2026 00:36:32] "GET /pages/admin-dashboard.html HTTP/1.1" 304 -
::1 - - [23/Mar/2026 00:36:32] "GET /js/admin.js HTTP/1.1" 304 -
::1 - - [23/Mar/2026 00:36:32] "GET /css/admin.css HTTP/1.1" 304 -
::1 - - [23/Mar/2026 00:36:42] "GET /pages/mis-boletos.html HTTP/1.1" 200 -
::1 - - [23/Mar/2026 00:36:42] "GET /css/boletos.css HTTP/1.1" 304 -
::1 - - [23/Mar/2026 00:37:27] "GET / HTTP/1.1" 304 -
::1 - - [23/Mar/2026 00:39:13] "GET / HTTP/1.1" 304 -
::1 - - [23/Mar/2026 00:39:23] "GET / HTTP/1.1" 200 -
::1 - - [23/Mar/2026 00:39:26] "GET / HTTP/1.1" 200 -
::1 - - [23/Mar/2026 00:39:50] "GET / HTTP/1.1" 200 -
::1 - - [23/Mar/2026 00:40:44] "GET /pages/inicio.html?q=kenia+os&categoria=musica HTTP/1.1" 200 -
::1 - - [23/Mar/2026 00:40:52] "GET /publi/e1.jpg HTTP/1.1" 200 -
::1 - - [23/Mar/2026 00:40:52] "GET / HTTP/1.1" 200 -
::1 - - [23/Mar/2026 00:41:26] "GET /publi/e1.jpg HTTP/1.1" 200 -
::1 - - [23/Mar/2026 00:41:40] "GET / HTTP/1.1" 200 -
::1 - - [23/Mar/2026 00:42:23] "GET / HTTP/1.1" 200 -
::1 - - [23/Mar/2026 00:42:34] "GET / HTTP/1.1" 200 -
::1 - - [23/Mar/2026 00:42:35] "GET / HTTP/1.1" 200 -
::1 - - [23/Mar/2026 00:42:35] "GET /publi/e1.jpg HTTP/1.1" 200 -
::1 - - [23/Mar/2026 00:42:35] "GET /publi/e2.jpg HTTP/1.1" 200 -
::1 - - [23/Mar/2026 00:42:35] "GET /publi/e3.jpg HTTP/1.1" 200 -
::1 - - [23/Mar/2026 00:42:35] "GET /publi/e4.jpg HTTP/1.1" 200 -
::1 - - [23/Mar/2026 00:42:35] "GET /publi/e5.jpg HTTP/1.1" 200 -
::1 - - [23/Mar/2026 00:48:26] "GET /css/global.css HTTP/1.1" 304 -
::1 - - [23/Mar/2026 00:48:26] "GET /css/navbar.css HTTP/1.1" 304 -
::1 - - [23/Mar/2026 00:48:26] "GET /css/eventos.css HTTP/1.1" 304 -
::1 - - [23/Mar/2026 00:48:26] "GET /js/api.js HTTP/1.1" 200 -
::1 - - [23/Mar/2026 00:48:26] "GET /js/navbar.js HTTP/1.1" 304 -
::1 - - [23/Mar/2026 00:48:26] "GET /js/eventos.js HTTP/1.1" 200 -
::1 - - [23/Mar/2026 00:48:48] "GET / HTTP/1.1" 200 -
::1 - - [23/Mar/2026 00:51:14] "GET /pages/inicio.html?q=kenia+os&categoria=musica HTTP/1.1" 200 -
::1 - - [23/Mar/2026 00:51:14] "GET /js/api.js HTTP/1.1" 304 -
::1 - - [23/Mar/2026 00:51:14] "GET /js/eventos.js HTTP/1.1" 304 -
::1 - - [23/Mar/2026 00:51:15] "GET /pages/inicio.html?q=kenia+os&categoria=musica HTTP/1.1" 304 -
::1 - - [23/Mar/2026 00:51:23] "GET / HTTP/1.1" 200 -
::1 - - [23/Mar/2026 00:51:23] "GET /js/home.js HTTP/1.1" 200 -
::1 - - [23/Mar/2026 00:51:23] "GET /publi/e1.jpg HTTP/1.1" 304 -
::1 - - [23/Mar/2026 00:53:35] "GET / HTTP/1.1" 200 -
::1 - - [23/Mar/2026 00:53:35] "GET / HTTP/1.1" 200 -
::1 - - [23/Mar/2026 00:53:35] "GET /publi/e1.jpg HTTP/1.1" 304 -
::1 - - [23/Mar/2026 00:53:35] "GET /js/api.js HTTP/1.1" 304 -
::1 - - [23/Mar/2026 00:53:35] "GET /js/home.js HTTP/1.1" 200 -
